E:\ZHAOSHANBOEPAN\769\SHANBOZH\DATA_NTX_NRX\DATA_NTX_NRX\DEBUG\DATA_DLCTXPUMP.OBJ
E:\ZHAOSHANBOEPAN\769\SHANBOZH\DATA_NTX_NRX\DATA_NTX_NRX\DEBUG\DATA_NRX.OBJ
E:\ZHAOSHANBOEPAN\769\SHANBOZH\DATA_NTX_NRX\DATA_NTX_NRX\DEBUG\DATA_NTX.OBJ
E:\ZHAOSHANBOEPAN\769\SHANBOZH\DATA_NTX_NRX\DATA_NTX_NRX\DEBUG\DATA_RLY_TX.OBJ
E:\ZHAOSHANBOEPAN\769\SHANBOZH\DATA_NTX_NRX\DATA_NTX_NRX\DEBUG\ENTITY.OBJ
E:\ZHAOSHANBOEPAN\769\SHANBOZH\DATA_NTX_NRX\DATA_NTX_NRX\DEBUG\DATA_INTERFACE_RX.OBJ
E:\ZHAOSHANBOEPAN\769\SHANBOZH\DATA_NTX_NRX\DATA_NTX_NRX\DEBUG\DATA_INTERFACE_TX.OBJ
E:\ZHAOSHANBOEPAN\769\SHANBOZH\DATA_NTX_NRX\DATA_NTX_NRX\DEBUG\INTERRUPT_HANDLER.OBJ
E:\ZHAOSHANBOEPAN\769\SHANBOZH\DATA_NTX_NRX\DATA_NTX_NRX\DEBUG\MAIN.OBJ
E:\ZHAOSHANBOEPAN\769\SHANBOZH\DATA_NTX_NRX\DATA_NTX_NRX\DEBUG\MIB.OBJ
E:\ZHAOSHANBOEPAN\769\SHANBOZH\DATA_NTX_NRX\DATA_NTX_NRX\DEBUG\RT_CTRL.OBJ
E:\ZHAOSHANBOEPAN\769\SHANBOZH\DATA_NTX_NRX\DATA_NTX_NRX\DEBUG\RT_FIND.OBJ
E:\ZHAOSHANBOEPAN\769\SHANBOZH\DATA_NTX_NRX\DATA_NTX_NRX\DEBUG\SDL.OBJ
E:\ZHAOSHANBOEPAN\769\SHANBOZH\DATA_NTX_NRX\DATA_NTX_NRX\DEBUG\VC110.PDB
E:\ZHAOSHANBOEPAN\769\SHANBOZH\DATA_NTX_NRX\DEBUG\DATA_NTX_NRX.ILK
E:\ZHAOSHANBOEPAN\769\SHANBOZH\DATA_NTX_NRX\DEBUG\DATA_NTX_NRX.EXE
E:\ZHAOSHANBOEPAN\769\SHANBOZH\DATA_NTX_NRX\DEBUG\DATA_NTX_NRX.PDB
E:\zhaoshanboEpan\769\shanbozh\data_ntx_nrx\data_ntx_nrx\Debug\data_dlctxpump.obj
E:\zhaoshanboEpan\769\shanbozh\data_ntx_nrx\data_ntx_nrx\Debug\data_interface_rx.obj
E:\zhaoshanboEpan\769\shanbozh\data_ntx_nrx\data_ntx_nrx\Debug\data_interface_tx.obj
E:\zhaoshanboEpan\769\shanbozh\data_ntx_nrx\data_ntx_nrx\Debug\data_nrx.obj
E:\zhaoshanboEpan\769\shanbozh\data_ntx_nrx\data_ntx_nrx\Debug\data_ntx.obj
E:\zhaoshanboEpan\769\shanbozh\data_ntx_nrx\data_ntx_nrx\Debug\data_rly_tx.obj
E:\zhaoshanboEpan\769\shanbozh\data_ntx_nrx\data_ntx_nrx\Debug\entity.obj
E:\zhaoshanboEpan\769\shanbozh\data_ntx_nrx\data_ntx_nrx\Debug\interrupt_handler.obj
E:\zhaoshanboEpan\769\shanbozh\data_ntx_nrx\data_ntx_nrx\Debug\main.obj
E:\zhaoshanboEpan\769\shanbozh\data_ntx_nrx\data_ntx_nrx\Debug\mib.obj
E:\zhaoshanboEpan\769\shanbozh\data_ntx_nrx\data_ntx_nrx\Debug\rt_ctrl.obj
E:\zhaoshanboEpan\769\shanbozh\data_ntx_nrx\data_ntx_nrx\Debug\rt_find.obj
E:\zhaoshanboEpan\769\shanbozh\data_ntx_nrx\data_ntx_nrx\Debug\sdl.obj
E:\zhaoshanboEpan\769\shanbozh\data_ntx_nrx\data_ntx_nrx\Debug\cl.command.1.tlog
E:\zhaoshanboEpan\769\shanbozh\data_ntx_nrx\data_ntx_nrx\Debug\CL.read.1.tlog
E:\zhaoshanboEpan\769\shanbozh\data_ntx_nrx\data_ntx_nrx\Debug\CL.write.1.tlog
E:\zhaoshanboEpan\769\shanbozh\data_ntx_nrx\data_ntx_nrx\Debug\link-cvtres.read.1.tlog
E:\zhaoshanboEpan\769\shanbozh\data_ntx_nrx\data_ntx_nrx\Debug\link-cvtres.write.1.tlog
E:\zhaoshanboEpan\769\shanbozh\data_ntx_nrx\data_ntx_nrx\Debug\link-rc.read.1.tlog
E:\zhaoshanboEpan\769\shanbozh\data_ntx_nrx\data_ntx_nrx\Debug\link-rc.write.1.tlog
E:\zhaoshanboEpan\769\shanbozh\data_ntx_nrx\data_ntx_nrx\Debug\link.command.1.tlog
E:\zhaoshanboEpan\769\shanbozh\data_ntx_nrx\data_ntx_nrx\Debug\link.read.1.tlog
E:\zhaoshanboEpan\769\shanbozh\data_ntx_nrx\data_ntx_nrx\Debug\link.write.1.tlog
E:\zhaoshanboEpan\769\shanbozh\data_ntx_nrx\data_ntx_nrx\Debug\vc110.idb
E:\zhaoshanboEpan\769\shanbozh\data_ntx_nrx\data_ntx_nrx\Debug\vc110.pdb
E:\zhaoshanboEpan\769\shanbozh\data_ntx_nrx\Debug\data_ntx_nrx.pdb
E:\zhaoshanboEpan\769\shanbozh\data_ntx_nrx\Debug\data_ntx_nrx.exe
E:\zhaoshanboEpan\769\shanbozh\data_ntx_nrx\Debug\data_ntx_nrx.ilk
